<?xml version="1.0" encoding="UTF-8"?>
<!-- Generated by org.testng.reporters.JUnitXMLReporter -->
<testsuite ignored="0" hostname="Pankaj" failures="0" tests="6" name="Default test" time="0.106" errors="0" timestamp="2022-05-12T13:55:46 IST">
  <testcase classname="DataProviderExamples.DummyTestCase" name="TestCase1" time="0.009"/>
  <testcase classname="DataProviderExamples.DummyTestCase" name="TestCase1" time="0.002"/>
  <testcase classname="DataProviderExamples.DummyTestCase" name="TestCase1" time="0.001"/>
  <testcase classname="DataProviderExamples.DummyTestCase" name="TestCase2" time="0.001"/>
  <testcase classname="DataProviderExamples.DummyTestCase" name="TestCase2" time="0.001"/>
  <testcase classname="DataProviderExamples.DummyTestCase" name="TestCase2" time="0.002"/>
</testsuite> <!-- Default test -->
