<?xml version="1.0" encoding="UTF-8"?>
<!-- Generated by org.testng.reporters.JUnitXMLReporter -->
<testsuite ignored="0" hostname="qainfotech-TravelMate-P238-G2-M" failures="0" tests="3" name="Default test" time="0.26" errors="0" timestamp="2022-05-18T23:35:05 IST">
  <testcase classname="package2.RestAssured.CompareJsonObjectByJackson" name="compareTwoJsonObjects" time="0.206"/>
  <testcase classname="package2.RestAssured.CompareJsonObjectByJackson" name="compareTwoJsonObjectsWithDifferentOrderOfRootElements" time="0.002"/>
  <testcase classname="package2.RestAssured.CompareJsonObjectByJackson" name="compareTwoNestedJsonObjects" time="0.002"/>
</testsuite> <!-- Default test -->
