<?xml version="1.0" encoding="UTF-8"?>
<testng-results ignored="0" total="3" passed="3" failed="0" skipped="0">
  <reporter-output>
  </reporter-output>
  <suite started-at="2022-05-18T23:35:04 IST" name="Default suite" finished-at="2022-05-18T23:35:05 IST" duration-ms="260">
    <groups>
    </groups>
    <test started-at="2022-05-18T23:35:04 IST" name="Default test" finished-at="2022-05-18T23:35:05 IST" duration-ms="260">
      <class name="package2.RestAssured.CompareJsonObjectByJackson">
        <test-method signature="compareTwoJsonObjects()[pri:0, instance:package2.RestAssured.CompareJsonObjectByJackson@7334aada]" started-at="2022-05-18T23:35:04 IST" name="compareTwoJsonObjects" finished-at="2022-05-18T23:35:05 IST" duration-ms="206" status="PASS">
          <reporter-output>
          </reporter-output>
        </test-method> <!-- compareTwoJsonObjects -->
        <test-method signature="compareTwoJsonObjectsWithDifferentOrderOfRootElements()[pri:0, instance:package2.RestAssured.CompareJsonObjectByJackson@7334aada]" started-at="2022-05-18T23:35:05 IST" name="compareTwoJsonObjectsWithDifferentOrderOfRootElements" finished-at="2022-05-18T23:35:05 IST" duration-ms="2" status="PASS">
          <reporter-output>
          </reporter-output>
        </test-method> <!-- compareTwoJsonObjectsWithDifferentOrderOfRootElements -->
        <test-method signature="compareTwoNestedJsonObjects()[pri:0, instance:package2.RestAssured.CompareJsonObjectByJackson@7334aada]" started-at="2022-05-18T23:35:05 IST" name="compareTwoNestedJsonObjects" finished-at="2022-05-18T23:35:05 IST" duration-ms="2" status="PASS">
          <reporter-output>
          </reporter-output>
        </test-method> <!-- compareTwoNestedJsonObjects -->
      </class> <!-- package2.RestAssured.CompareJsonObjectByJackson -->
    </test> <!-- Default test -->
  </suite> <!-- Default suite -->
</testng-results>
